app/build/outputs/logs/manifest-merger-debug-report.txt
-- Merging decision tree log ---
manifest
ADDED from src/main/AndroidManifest.xml:2:1-110:12
	xmlns:tools
		ADDED from src/main/AndroidManifest.xml:3:5-51
	xmlns:android
		ADDED from src/main/AndroidManifest.xml:2:11-69
	package
		ADDED from src/main/AndroidManifest.xml:4:5-26
		INJECTED from src/main/AndroidManifest.xml
		INJECTED from src/main/AndroidManifest.xml
	android:versionName
		ADDED from src/main/AndroidManifest.xml:6:5-30
	android:versionCode
		ADDED from src/main/AndroidManifest.xml:5:5-28
		INJECTED from src/main/AndroidManifest.xml
		INJECTED from src/main/AndroidManifest.xml
uses-sdk
ADDED from src/main/AndroidManifest.xml:8:5-12:39
MERGED from [com.android.support:appcompat-v7:22.2.1] AndroidManifest.xml:20:5-43
MERGED from [com.android.support:support-v4:22.2.1] AndroidManifest.xml:20:5-43
	android:targetSdkVersion
		ADDED from src/main/AndroidManifest.xml:11:9-38
		INJECTED from src/main/AndroidManifest.xml
		INJECTED from src/main/AndroidManifest.xml
	android:minSdkVersion
		ADDED from src/main/AndroidManifest.xml:10:9-35
		INJECTED from src/main/AndroidManifest.xml
		INJECTED from src/main/AndroidManifest.xml
	android:maxSdkVersion
		ADDED from src/main/AndroidManifest.xml:9:9-35
	tools:ignore
		ADDED from src/main/AndroidManifest.xml:12:9-36
supports-screens
ADDED from src/main/AndroidManifest.xml:15:5-20:39
	android:resizeable
		ADDED from src/main/AndroidManifest.xml:19:9-34
	android:largeScreens
		ADDED from src/main/AndroidManifest.xml:17:9-36
	android:anyDensity
		ADDED from src/main/AndroidManifest.xml:16:9-34
	android:normalScreens
		ADDED from src/main/AndroidManifest.xml:18:9-37
	android:smallScreens
		ADDED from src/main/AndroidManifest.xml:20:9-36
uses-permission#android.permission.WRITE_EXTERNAL_STORAGE
ADDED from src/main/AndroidManifest.xml:22:5-81
	android:name
		ADDED from src/main/AndroidManifest.xml:22:22-78
uses-permission#a.b.c
ADDED from src/main/AndroidManifest.xml:23:5-45
	android:name
		ADDED from src/main/AndroidManifest.xml:23:22-42
uses-permission#android.permission.CHANGE_CONFIGURATION
ADDED from src/main/AndroidManifest.xml:24:5-79
	android:name
		ADDED from src/main/AndroidManifest.xml:24:22-76
uses-permission#com.android.launcher.permission.READ_SETTINGS
ADDED from src/main/AndroidManifest.xml:25:5-85
	android:name
		ADDED from src/main/AndroidManifest.xml:25:22-82
uses-permission#android.permission.INTERACT_ACROSS_USERS_FULL
ADDED from src/main/AndroidManifest.xml:26:5-85
	android:name
		ADDED from src/main/AndroidManifest.xml:26:22-82
uses-permission#INTERACT_ACROSS_USERS_FULL
ADDED from src/main/AndroidManifest.xml:27:5-66
	android:name
		ADDED from src/main/AndroidManifest.xml:27:22-63
uses-permission#android.permission.INTERNET
ADDED from src/main/AndroidManifest.xml:28:5-67
	android:name
		ADDED from src/main/AndroidManifest.xml:28:22-64
uses-permission#android.permission.READ_PHONE_STATE
ADDED from src/main/AndroidManifest.xml:31:5-75
	android:name
		ADDED from src/main/AndroidManifest.xml:31:22-72
uses-permission#com.android.launcher.permission.INSTALL_SHORTCUT
ADDED from src/main/AndroidManifest.xml:35:5-88
	android:name
		ADDED from src/main/AndroidManifest.xml:35:22-85
application
ADDED from src/main/AndroidManifest.xml:37:5-108:19
MERGED from [com.android.support:appcompat-v7:22.2.1] AndroidManifest.xml:22:5-20
MERGED from [com.android.support:support-v4:22.2.1] AndroidManifest.xml:22:5-20
	android:label
		ADDED from src/main/AndroidManifest.xml:41:9-41
	android:allowBackup
		ADDED from src/main/AndroidManifest.xml:39:9-35
	android:icon
		ADDED from src/main/AndroidManifest.xml:40:9-45
	android:theme
		ADDED from src/main/AndroidManifest.xml:42:9-40
	android:name
		ADDED from src/main/AndroidManifest.xml:38:9-47
activity#com.codebag.bag.main.SplashActivity
ADDED from src/main/AndroidManifest.xml:55:9-63:20
	android:label
		ADDED from src/main/AndroidManifest.xml:57:13-45
	android:name
		ADDED from src/main/AndroidManifest.xml:56:13-63
intent-filter#android.intent.action.MAIN+android.intent.category.LAUNCHER
ADDED from src/main/AndroidManifest.xml:58:13-62:29
action#android.intent.action.MAIN
ADDED from src/main/AndroidManifest.xml:59:17-69
	android:name
		ADDED from src/main/AndroidManifest.xml:59:25-66
category#android.intent.category.LAUNCHER
ADDED from src/main/AndroidManifest.xml:61:17-77
	android:name
		ADDED from src/main/AndroidManifest.xml:61:27-74
activity#com.codebag.bag.main.FileNodeActivity
ADDED from src/main/AndroidManifest.xml:64:9-74
	android:name
		ADDED from src/main/AndroidManifest.xml:64:19-71
activity#com.codebag.bag.main.MethodNodeActivity
ADDED from src/main/AndroidManifest.xml:65:9-76
	android:name
		ADDED from src/main/AndroidManifest.xml:65:19-73
activity#com.codebag.bag.main.AppNodeActivity
ADDED from src/main/AndroidManifest.xml:66:9-73
	android:name
		ADDED from src/main/AndroidManifest.xml:66:19-70
activity#com.codebag.bag.main.InovkedViewActivity
ADDED from src/main/AndroidManifest.xml:67:9-77
	android:name
		ADDED from src/main/AndroidManifest.xml:67:19-74
activity#com.codebag.code.mycode.test.fragment.MyFragmentActivity
ADDED from src/main/AndroidManifest.xml:68:9-93
	android:name
		ADDED from src/main/AndroidManifest.xml:68:19-90
activity#com.codebag.code.mycode.test.fragment.ViewPagerFragmentActivity
ADDED from src/main/AndroidManifest.xml:69:9-100
	android:name
		ADDED from src/main/AndroidManifest.xml:69:19-97
service#com.codebag.code.mycode.test.servicelife.myService
ADDED from src/main/AndroidManifest.xml:71:9-86
	android:name
		ADDED from src/main/AndroidManifest.xml:71:18-83
activity#com.codebag.code.mycode.test.activityconfigchange.MyActivity
ADDED from src/main/AndroidManifest.xml:73:9-75:85
	android:configChanges
		ADDED from src/main/AndroidManifest.xml:75:13-82
	android:name
		ADDED from src/main/AndroidManifest.xml:74:13-88
activity#com.codebag.code.mycode.test.activitylife.MyActivityA
ADDED from src/main/AndroidManifest.xml:76:9-78:47
	android:name
		ADDED from src/main/AndroidManifest.xml:77:13-81
	android:launchMode
		ADDED from src/main/AndroidManifest.xml:78:13-44
activity#com.codebag.code.mycode.test.activitylife.MyActivityB
ADDED from src/main/AndroidManifest.xml:79:9-81:59
	android:theme
		ADDED from src/main/AndroidManifest.xml:81:13-56
	android:name
		ADDED from src/main/AndroidManifest.xml:80:13-81
activity#com.codebag.code.mycode.test.fragment.ResultActivity
ADDED from src/main/AndroidManifest.xml:82:9-84:45
	android:name
		ADDED from src/main/AndroidManifest.xml:83:13-80
	android:launchMode
		ADDED from src/main/AndroidManifest.xml:84:13-42
activity#com.codebag.code.mycode.test.actiitytask.MyActivity
ADDED from src/main/AndroidManifest.xml:85:9-87:45
	android:name
		ADDED from src/main/AndroidManifest.xml:86:13-79
	android:launchMode
		ADDED from src/main/AndroidManifest.xml:87:13-42
receiver#com.codebag.code.mycode.cleanmaster.cleanmastertest.homewidget.TimeWidgetProvider
ADDED from src/main/AndroidManifest.xml:90:9-98:20
	android:name
		ADDED from src/main/AndroidManifest.xml:90:19-115
intent-filter#android.appwidget.action.APPWIDGET_UPDATE
ADDED from src/main/AndroidManifest.xml:91:13-93:29
action#android.appwidget.action.APPWIDGET_UPDATE
ADDED from src/main/AndroidManifest.xml:92:17-84
	android:name
		ADDED from src/main/AndroidManifest.xml:92:25-81
meta-data#android.appwidget.provider
ADDED from src/main/AndroidManifest.xml:95:13-97:59
	android:resource
		ADDED from src/main/AndroidManifest.xml:97:17-56
	android:name
		ADDED from src/main/AndroidManifest.xml:96:17-58
service#com.codebag.code.mycode.cleanmaster.cleanmastertest.homewidget.TimerService
ADDED from src/main/AndroidManifest.xml:100:9-101:19
	android:name
		ADDED from src/main/AndroidManifest.xml:100:18-108
service#com.codebag.code.mycode.cleanmaster.cleanmastertest.audioplayerrun.MainService
ADDED from src/main/AndroidManifest.xml:102:9-103:19
	android:name
		ADDED from src/main/AndroidManifest.xml:102:18-111
service#com.codebag.code.mycode.function.aidl.AIDLService
ADDED from src/main/AndroidManifest.xml:104:9-107:19
	android:process
		ADDED from src/main/AndroidManifest.xml:106:13-47
	android:name
		ADDED from src/main/AndroidManifest.xml:105:13-77